0 silly argv { _: [ 'add' ],
0 silly argv   scope: 'macau-movie-festival',
0 silly argv   globs: [],
0 silly argv   lernaVersion: '3.13.1',
0 silly argv   '$0': 'lerna',
0 silly argv   pkg: 'remixjs' }
1 notice cli v3.13.1
2 verbose rootPath /Users/aniwei/Desktop/remixjs
3 info filter [ 'macau-movie-festival' ]
4 error TypeError: Invalid comparator: latest
4 error     at Comparator.parse (/Users/aniwei/.nvm/versions/node/v8.3.0/lib/node_modules/lerna/node_modules/semver/semver.js:701:11)
4 error     at new Comparator (/Users/aniwei/.nvm/versions/node/v8.3.0/lib/node_modules/lerna/node_modules/semver/semver.js:685:8)
4 error     at Range.<anonymous> (/Users/aniwei/.nvm/versions/node/v8.3.0/lib/node_modules/lerna/node_modules/semver/semver.js:859:12)
4 error     at Array.map (<anonymous>)
4 error     at Range.parseRange (/Users/aniwei/.nvm/versions/node/v8.3.0/lib/node_modules/lerna/node_modules/semver/semver.js:858:13)
4 error     at Range.<anonymous> (/Users/aniwei/.nvm/versions/node/v8.3.0/lib/node_modules/lerna/node_modules/semver/semver.js:801:17)
4 error     at Array.map (<anonymous>)
4 error     at new Range (/Users/aniwei/.nvm/versions/node/v8.3.0/lib/node_modules/lerna/node_modules/semver/semver.js:800:40)
4 error     at Function.intersects (/Users/aniwei/.nvm/versions/node/v8.3.0/lib/node_modules/lerna/node_modules/semver/semver.js:1333:8)
4 error     at getRangeToReference (/Users/aniwei/.nvm/versions/node/v8.3.0/lib/node_modules/lerna/node_modules/@lerna/add/lib/get-range-to-reference.js:18:35)
4 error     at result.filter.pkg (/Users/aniwei/.nvm/versions/node/v8.3.0/lib/node_modules/lerna/node_modules/@lerna/add/index.js:135:14)
4 error     at Array.filter (<anonymous>)
4 error     at AddCommand.collectPackagesToChange (/Users/aniwei/.nvm/versions/node/v8.3.0/lib/node_modules/lerna/node_modules/@lerna/add/index.js:127:21)
4 error     at chain.then (/Users/aniwei/.nvm/versions/node/v8.3.0/lib/node_modules/lerna/node_modules/@lerna/add/index.js:69:35)
